<?xml version="1.0" encoding="UTF-8"?>
<!-- Generated by org.testng.reporters.JUnitXMLReporter -->
<testsuite ignored="0" hostname="DESKTOP-EDNEOU1" failures="1" tests="4" name="Test" time="20.64" errors="0" timestamp="2022-04-27T14:59:27 IST">
  <testcase classname="hrmtest.Amazonweb" name="setup" time="12.898"/>
  <testcase classname="hrmtest.Amazonweb" name="validateTitle" time="0.037"/>
  <testcase classname="hrmtest.Amazonweb" name="validateandhandletooltip" time="2.979">
    <failure type="java.lang.AssertionError" message="expected:&amp;lt;&amp;gt; but was:&amp;lt;Sign in&amp;gt;">
      <![CDATA[java.lang.AssertionError: expected:<> but was:<Sign in>
at hrmtest.Amazonweb.validateandhandletooltip(Amazonweb.java:58)
at java.base/java.util.ArrayList.forEach(ArrayList.java:1511)
... Removed 29 stack frames]]>
    </failure>
  </testcase> <!-- validateandhandletooltip -->
  <testcase classname="configRead.Readdata" name="readdata" time="4.644"/>
</testsuite> <!-- Test -->
